2014/09/02 16:42:15 INFO  - jmeter.util.JMeterUtils: Setting Locale to en_GB 
2014/09/02 16:42:15 INFO  - jmeter.JMeter: Loading user properties from: C:\Users\samo\MavenPro\my-app\target\jmeter\bin\user.properties 
2014/09/02 16:42:15 INFO  - jmeter.JMeter: Loading system properties from: C:\Users\samo\MavenPro\my-app\target\jmeter\bin\system.properties 
2014/09/02 16:42:15 INFO  - jmeter.JMeter: Copyright (c) 1998-2013 The Apache Software Foundation 
2014/09/02 16:42:15 INFO  - jmeter.JMeter: Version 2.10 r1533061 
2014/09/02 16:42:15 INFO  - jmeter.JMeter: java.version=1.8.0_05 
2014/09/02 16:42:15 INFO  - jmeter.JMeter: java.vm.name=Java HotSpot(TM) 64-Bit Server VM 
2014/09/02 16:42:15 INFO  - jmeter.JMeter: os.name=Windows 8.1 
2014/09/02 16:42:15 INFO  - jmeter.JMeter: os.arch=amd64 
2014/09/02 16:42:15 INFO  - jmeter.JMeter: os.version=6.3 
2014/09/02 16:42:15 INFO  - jmeter.JMeter: file.encoding=Cp1256 
2014/09/02 16:42:15 INFO  - jmeter.JMeter: Default Locale=English (United Kingdom) 
2014/09/02 16:42:15 INFO  - jmeter.JMeter: JMeter  Locale=English (United Kingdom) 
2014/09/02 16:42:15 INFO  - jmeter.JMeter: JMeterHome=C:\Users\samo\MavenPro\my-app\target\jmeter 
2014/09/02 16:42:15 INFO  - jmeter.JMeter: user.dir  =C:\Users\samo\MavenPro\my-app\target\jmeter\bin 
2014/09/02 16:42:15 INFO  - jmeter.JMeter: PWD       =C:\Users\samo\MavenPro\my-app\target\jmeter\bin 
2014/09/02 16:42:15 INFO  - jmeter.JMeter: IP: 192.168.100.18 Name: wejdan FullName: wejdan 
2014/09/02 16:42:15 INFO  - jmeter.services.FileServer: Default base='C:\Users\samo\MavenPro\my-app\target\jmeter\bin' 
2014/09/02 16:42:15 INFO  - jmeter.services.FileServer: Set new base='C:\Users\samo\MavenPro\my-app\src\test\jmeter' 
2014/09/02 16:42:15 INFO  - jmeter.JMeter: Loading file: C:\Users\samo\MavenPro\my-app\src\test\jmeter\full_session.jmx 
2014/09/02 16:42:15 INFO  - jmeter.save.SaveService: Testplan (JMX) version: 2.2. Testlog (JTL) version: 2.2 
2014/09/02 16:42:15 INFO  - jmeter.save.SaveService: Using SaveService properties file encoding UTF-8 
2014/09/02 16:42:15 INFO  - jmeter.save.SaveService: Using SaveService properties version 2.5 
2014/09/02 16:42:15 INFO  - jmeter.save.SaveService: Using SaveService properties file version 1519088 
2014/09/02 16:42:15 INFO  - jmeter.save.SaveService: All converter versions present and correct 
2014/09/02 16:42:15 INFO  - jmeter.protocol.http.control.CookieManager: Settings: Delete null: true Check: true Allow variable: true Save: false Prefix: COOKIE_ 
2014/09/02 16:42:15 INFO  - jmeter.protocol.http.sampler.HTTPSamplerBase: Cannot find .className property for htmlParser, using default 
2014/09/02 16:42:15 INFO  - jmeter.protocol.http.sampler.HTTPSamplerBase: Parser for text/html is  
2014/09/02 16:42:15 INFO  - jmeter.protocol.http.sampler.HTTPSamplerBase: Parser for application/xhtml+xml is  
2014/09/02 16:42:15 INFO  - jmeter.protocol.http.sampler.HTTPSamplerBase: Parser for application/xml is  
2014/09/02 16:42:15 INFO  - jmeter.protocol.http.sampler.HTTPSamplerBase: Parser for text/xml is  
2014/09/02 16:42:15 INFO  - jmeter.protocol.http.sampler.HTTPSamplerBase: Parser for text/vnd.wap.wml is org.apache.jmeter.protocol.http.parser.RegexpHTMLParser 
2014/09/02 16:42:15 INFO  - jmeter.engine.StandardJMeterEngine: Listeners will be started after enabling running version 
2014/09/02 16:42:15 INFO  - jmeter.engine.StandardJMeterEngine: To revert to the earlier behaviour, define jmeterengine.startlistenerslater=false 
2014/09/02 16:42:15 INFO  - jmeter.engine.StandardJMeterEngine: Running the test! 
2014/09/02 16:42:15 INFO  - jmeter.samplers.SampleEvent: List of sample_variables: [] 
2014/09/02 16:42:15 INFO  - jmeter.samplers.SampleEvent: List of sample_variables: [] 
2014/09/02 16:42:15 INFO  - jmeter.engine.util.CompoundVariable: Note: Function class names must contain the string: '.functions.' 
2014/09/02 16:42:15 INFO  - jmeter.engine.util.CompoundVariable: Note: Function class names must not contain the string: '.gui.' 
2014/09/02 16:42:15 INFO  - jmeter.JMeter: Running test (1409665335884) 
2014/09/02 16:42:15 INFO  - jmeter.engine.StandardJMeterEngine: Starting ThreadGroup: 1 : Thread Group 
2014/09/02 16:42:15 INFO  - jmeter.engine.StandardJMeterEngine: Starting 1 threads for group Thread Group. 
2014/09/02 16:42:15 INFO  - jmeter.engine.StandardJMeterEngine: Thread will continue on error 
2014/09/02 16:42:15 INFO  - jmeter.threads.ThreadGroup: Starting thread group number 1 threads 1 ramp-up 1 perThread 1000.0 delayedStart=false 
2014/09/02 16:42:15 INFO  - jmeter.threads.JMeterThread: jmeterthread.startearlier=true (see jmeter.properties) 
2014/09/02 16:42:15 INFO  - jmeter.threads.JMeterThread: Running PostProcessors in forward order 
2014/09/02 16:42:15 INFO  - jmeter.threads.ThreadGroup: Started thread group number 1 
2014/09/02 16:42:15 INFO  - jmeter.engine.StandardJMeterEngine: All thread groups have been started 
2014/09/02 16:42:15 INFO  - jmeter.threads.JMeterThread: Thread started: Thread Group 1-1 
2014/09/02 16:42:15 INFO  - jmeter.services.FileServer: Stored: C:\Users\samo\Dropbox\Jmeter\MyShare Performance Testing\temp\users.csv 
2014/09/02 16:42:15 INFO  - jmeter.protocol.http.sampler.HTTPHCAbstractImpl: Local host = wejdan 
2014/09/02 16:42:16 INFO  - jmeter.protocol.http.sampler.HTTPHC4Impl: HTTP request retry count = 0 
2014/09/02 16:42:16 INFO  - jmeter.protocol.http.sampler.HTTPHC4Impl: Setting up HTTPS TrustAll scheme 
2014/09/02 16:42:16 INFO  - jmeter.util.JsseSSLManager: Using default SSL protocol: TLS 
2014/09/02 16:42:16 INFO  - jmeter.util.JsseSSLManager: SSL session context: per-thread 
2014/09/02 16:42:16 INFO  - jmeter.samplers.SampleResult: Note: Sample TimeStamps are START times 
2014/09/02 16:42:16 INFO  - jmeter.samplers.SampleResult: sampleresult.default.encoding is set to ISO-8859-1 
2014/09/02 16:42:16 INFO  - jmeter.samplers.SampleResult: sampleresult.useNanoTime=true 
2014/09/02 16:42:16 INFO  - jmeter.samplers.SampleResult: sampleresult.nanoThreadSleep=5000 
2014/09/02 16:42:16 INFO  - jmeter.util.SSLManager: JmeterKeyStore Location:  type JKS 
2014/09/02 16:42:16 INFO  - jmeter.util.SSLManager: KeyStore created OK 
2014/09/02 16:42:16 WARN  - jmeter.util.SSLManager: Keystore file not found, loading empty keystore 
2014/09/02 16:42:16 INFO  - jmeter.protocol.http.sampler.HTTPJavaImpl: Maximum connection retries = 10 
2014/09/02 16:42:24 ERROR - jmeter.protocol.http.sampler.HTTPJavaImpl: readResponse: java.io.IOException: Server returned HTTP response code: 400 for URL: https://myshare.kfshrc.edu.sa/share/proxy/alfresco/slingshot/doclib/action/file/node/workspace/SpacesStore/${uuid}?noCache=1403753821540 
2014/09/02 16:42:24 ERROR - jmeter.protocol.http.sampler.HTTPJavaImpl: Cause: java.io.IOException: Server returned HTTP response code: 400 for URL: https://myshare.kfshrc.edu.sa/share/proxy/alfresco/slingshot/doclib/action/file/node/workspace/SpacesStore/${uuid}?noCache=1403753821540 
2014/09/02 16:42:24 INFO  - jmeter.protocol.http.sampler.HTTPJavaImpl: Error Response Code: 400 
2014/09/02 16:42:24 INFO  - jmeter.threads.JMeterThread: Thread finished: Thread Group 1-1 
2014/09/02 16:42:24 INFO  - jmeter.engine.StandardJMeterEngine: Notifying test listeners of end of test 
2014/09/02 16:42:24 INFO  - jmeter.services.FileServer: Close: C:\Users\samo\Dropbox\Jmeter\MyShare Performance Testing\temp\users.csv 
